<?xml version="1.0" encoding="UTF-8"?>
<testng-results ignored="0" total="2" passed="2" failed="0" skipped="0">
  <reporter-output>
  </reporter-output>
  <suite started-at="2022-08-05T01:34:27 IST" name="Suite" finished-at="2022-08-05T01:34:27 IST" duration-ms="80">
    <groups>
    </groups>
    <test started-at="2022-08-05T01:34:27 IST" name="Test" finished-at="2022-08-05T01:34:27 IST" duration-ms="80">
      <class name="qaclickacademy.Academytest">
        <test-method signature="FlightBooking()[pri:0, instance:qaclickacademy.Academytest@3c7f66c4]" started-at="2022-08-05T01:34:27 IST" name="FlightBooking" finished-at="2022-08-05T01:34:27 IST" duration-ms="13" status="PASS">
          <reporter-output>
          </reporter-output>
        </test-method> <!-- FlightBooking -->
        <test-method signature="OpeningBrowser()[pri:0, instance:qaclickacademy.Academytest@3c7f66c4]" started-at="2022-08-05T01:34:27 IST" name="OpeningBrowser" finished-at="2022-08-05T01:34:27 IST" duration-ms="2" status="PASS">
          <reporter-output>
          </reporter-output>
        </test-method> <!-- OpeningBrowser -->
      </class> <!-- qaclickacademy.Academytest -->
    </test> <!-- Test -->
  </suite> <!-- Suite -->
</testng-results>
